Sending build context to Docker daemon 441.9 kB
Step 1/30 : FROM debian:wheezy
 ---> c0b3d08fde7a
Step 2/30 : ENV PHPIZE_DEPS autoconf 		file 		g++ 		gcc 		libc-dev 		make 		pkg-config 		re2c
 ---> Using cache
 ---> bd62905454f4
Step 3/30 : RUN apt-get update && apt-get install -y 		$PHPIZE_DEPS 		ca-certificates 		curl 		libedit2 		libsqlite3-0 		libxml2 		xz-utils     gzip 	--no-install-recommends && rm -r /var/lib/apt/lists/*
 ---> Using cache
 ---> 8bf8d25fad79
Step 4/30 : ENV PHP_INI_DIR /usr/local/etc/php
 ---> Using cache
 ---> cb0d9049b2a9
Step 5/30 : RUN mkdir -p $PHP_INI_DIR/conf.d
 ---> Using cache
 ---> a325eb03d337
Step 6/30 : RUN apt-get update && apt-get install -y apache2.2-bin apache2.2-common --no-install-recommends && rm -rf /var/lib/apt/lists/*
 ---> Using cache
 ---> 94690c3c5a4b
Step 7/30 : ENV APACHE_CONFDIR /etc/apache2
 ---> Using cache
 ---> 44aa5280978e
Step 8/30 : ENV APACHE_ENVVARS $APACHE_CONFDIR/envvars
 ---> Using cache
 ---> 296e6c7fcfc5
Step 9/30 : RUN set -ex 		&& sed -ri 's/^export ([^=]+)=(.*)$/: ${\1:=\2}\nexport \1/' "$APACHE_ENVVARS" 		&& . "$APACHE_ENVVARS" 	&& for dir in 		"$APACHE_LOCK_DIR" 		"$APACHE_RUN_DIR" 		"$APACHE_LOG_DIR" 		/var/www/html 	; do 		rm -rvf "$dir" 		&& mkdir -p "$dir" 		&& chown -R "$APACHE_RUN_USER:$APACHE_RUN_GROUP" "$dir"; 	done
 ---> Using cache
 ---> c83fc550d5d5
Step 10/30 : RUN apt-get update && apt-get install apache2-mpm-prefork
 ---> Using cache
 ---> 267804331330
Step 11/30 : RUN set -ex 	&& . "$APACHE_ENVVARS" 	&& ln -sfT /dev/stderr "$APACHE_LOG_DIR/error.log" 	&& ln -sfT /dev/stdout "$APACHE_LOG_DIR/access.log" 	&& ln -sfT /dev/stdout "$APACHE_LOG_DIR/other_vhosts_access.log"
 ---> Using cache
 ---> 1767be977ebd
Step 12/30 : RUN { 		echo '<FilesMatch \.php$>'; 		echo '\tSetHandler application/x-httpd-php'; 		echo '</FilesMatch>'; 		echo; 		echo 'DirectoryIndex disabled'; 		echo 'DirectoryIndex index.php index.html'; 		echo; 		echo '<Directory /var/www/>'; 		echo '\tOptions -Indexes'; 		echo '\tAllowOverride All'; 		echo '</Directory>'; 	} | tee "$APACHE_CONFDIR/conf.d/docker-php.conf"
 ---> Using cache
 ---> 8bbb13d2b393
Step 13/30 : ENV PHP_EXTRA_BUILD_DEPS apache2-prefork-dev
 ---> Using cache
 ---> 7c9ede0a23ff
Step 14/30 : ENV PHP_EXTRA_CONFIGURE_ARGS '--with-apxs2=/usr/bin/apxs2 --enable-shared'
 ---> Running in b3ba24e9c578
 ---> 41ac1746dbf3
Removing intermediate container b3ba24e9c578
Step 15/30 : ENV PHP_CFLAGS "-fstack-protector -fPIC -fpie -O2"
 ---> Running in 16f3195efd29
 ---> b767eacad7ad
Removing intermediate container 16f3195efd29
Step 16/30 : ENV PHP_CPPFLAGS "$PHP_CFLAGS"
 ---> Running in 36f869d181f6
 ---> d0be23d34e97
Removing intermediate container 36f869d181f6
Step 17/30 : ENV PHP_LDFLAGS "-Wl,-O1 -Wl,--hash-style=both -pie"
 ---> Running in cccccb6dc7ff
 ---> f1d1e852b484
Removing intermediate container cccccb6dc7ff
Step 18/30 : ENV GPG_KEYS 0A95E9A026542D53835E3F3A7DEC4E69FC9C83D7 0B96609E270F565C13292B24C13C70B87267B52D
 ---> Running in a14dadf4a047
 ---> 815629514103
Removing intermediate container a14dadf4a047
Step 19/30 : ENV PHP_VERSION 5.3.29
 ---> Running in 790c1d988e5f
 ---> dbed4ee3b86a
Removing intermediate container 790c1d988e5f
Step 20/30 : ENV PHP_URL "https://secure.php.net/get/php-5.3.29.tar.gz/from/this/mirror" PHP_ASC_URL "https://secure.php.net/get/php-5.3.29.tar.gz.asc/from/this/mirror"
 ---> Running in f0c1471a5d7a
 ---> 414f83b8aa4a
Removing intermediate container f0c1471a5d7a
Step 21/30 : ENV PHP_SHA256 "" PHP_MD5 "ebfa96ea636b2a7ece71e78ad116a338"
 ---> Running in 0933db0bd5f9
 ---> ecbf5c9483ca
Removing intermediate container 0933db0bd5f9
Step 22/30 : RUN set -xe; 		fetchDeps=' 		wget 	'; 	apt-get update; 	apt-get install -y --no-install-recommends $fetchDeps; 	rm -rf /var/lib/apt/lists/*; 		mkdir -p /usr/src; 	cd /usr/src; 		wget -O php.tar.gz "$PHP_URL"; 		if [ -n "$PHP_SHA256" ]; then 		echo "$PHP_SHA256 *php.tar.gz" | sha256sum -c -; 	fi; 	if [ -n "$PHP_MD5" ]; then 		echo "$PHP_MD5 *php.tar.gz" | md5sum -c -; 	fi; 		if [ -n "$PHP_ASC_URL" ]; then 		wget -O php.tar.gz.asc "$PHP_ASC_URL"; 		export GNUPGHOME="$(mktemp -d)"; 		for key in $GPG_KEYS; do 			gpg --keyserver ha.pool.sks-keyservers.net --recv-keys "$key"; 		done; 		gpg --batch --verify php.tar.gz.asc php.tar.gz; 		rm -r "$GNUPGHOME"; 	fi; 		apt-get purge -y --auto-remove $fetchDeps
 ---> Running in 7b7292e25733
[91m+ fetchDeps= 		wget 	
+ apt-get update
[0mGet:1 http://security.debian.org wheezy/updates Release.gpg [1554 B]
Get:2 http://security.debian.org wheezy/updates Release [39.0 kB]
Get:3 http://security.debian.org wheezy/updates/main amd64 Packages [598 kB]
Hit http://deb.debian.org wheezy Release.gpg
Hit http://deb.debian.org wheezy-updates Release.gpg
Hit http://deb.debian.org wheezy Release
Hit http://deb.debian.org wheezy-updates Release
Hit http://deb.debian.org wheezy/main amd64 Packages
Hit http://deb.debian.org wheezy-updates/main amd64 Packages
Fetched 639 kB in 6s (92.3 kB/s)
Reading package lists...
[91m+ apt-get install -y --no-install-recommends wget
[0mReading package lists...
Building dependency tree...
Reading state information...
The following NEW packages will be installed:
  wget
0 upgraded, 1 newly installed, 0 to remove and 0 not upgraded.
Need to get 767 kB of archives.
After this operation, 1862 kB of additional disk space will be used.
Get:1 http://security.debian.org/ wheezy/updates/main wget amd64 1.13.4-3+deb7u3 [767 kB]
[91mdebconf: delaying package configuration, since apt-utils is not installed
[0mFetched 767 kB in 2s (292 kB/s)
Selecting previously unselected package wget.
(Reading database ... 12078 files and directories currently installed.)
Unpacking wget (from .../wget_1.13.4-3+deb7u3_amd64.deb) ...
Setting up wget (1.13.4-3+deb7u3) ...
[91m+ rm -rf /var/lib/apt/lists/deb.debian.org_debian_dists_wheezy-updates_Release /var/lib/apt/lists/deb.debian.org_debian_dists_wheezy-updates_Release.gpg /var/lib/apt/lists/deb.debian.org_debian_dists_wheezy-updates_main_binary-amd64_Packages.gz /var/lib/apt/lists/deb.debian.org_debian_dists_wheezy_Release /var/lib/apt/lists/deb.debian.org_debian_dists_wheezy_Release.gpg /var/lib/apt/lists/deb.debian.org_debian_dists_wheezy_main_binary-amd64_Packages.gz /var/lib/apt/lists/lock /var/lib/apt/lists/partial /var/lib/apt/lists/security.debian.org_dists_wheezy_updates_Release /var/lib/apt/lists/security.debian.org_dists_wheezy_updates_Release.gpg /var/lib/apt/lists/security.debian.org_dists_wheezy_updates_main_binary-amd64_Packages.gz
[0m[91m+ mkdir -p /usr/src
[0m[91m+ cd /usr/src
+ wget -O php.tar.gz https://secure.php.net/get/php-5.3.29.tar.gz/from/this/mirror
[0m[91m--2017-03-02 06:09:33--  https://secure.php.net/get/php-5.3.29.tar.gz/from/this/mirror
[0m[91mResolving secure.php.net (secure.php.net)... [0m[91m72.52.91.14, 2a02:cb41::7
Connecting to secure.php.net (secure.php.net)|72.52.91.14|:443... [0m[91mconnected.
[0m[91mHTTP request sent, awaiting response... [0m[91m302 Found
Location: https://php.net/distributions/php-5.3.29.tar.gz [following]
--2017-03-02 06:09:36--  https://php.net/distributions/php-5.3.29.tar.gz
[0m[91mResolving php.net (php.net)... [0m[91m72.52.91.14, 2a02:cb41::7
Connecting to php.net (php.net)|72.52.91.14|:443... [0m[91mconnected.
[0m[91mHTTP request sent, awaiting response... [0m[91m301 Moved Permanently
[0m[91mLocation: https://secure.php.net/distributions/php-5.3.29.tar.gz [following]
[0m[91m--2017-03-02 06:09:39--  https://secure.php.net/distributions/php-5.3.29.tar.gz
[0m[91mConnecting to secure.php.net (secure.php.net)|72.52.91.14|:443... [0m[91mconnected.
[0m[91mHTTP request sent, awaiting response... [0m[91m200 OK
[0m[91mLength: 14972714 (14M) [application/x-gzip]
Saving to: `php.tar.gz'

     0K .........[0m[91m. .....[0m[91m..... .......... .[0m[91m......... .......[0m[91m...  0%  177K 83s
    50K .......... ...[0m[91m....... .........[0m[91m. .......... .....[0m[91m.....  0%  176K 82s
   100K .......... .......... .......... .......... ..........  1% 28.7M 55s
   150K .........[0m[91m. .......... .....[0m[91m..... .......... .[0m[91m........[0m[91m.  1% 1.11M 44s
   200K .......[0m[91m... .......... ...[0m[91m....... .........[0m[91m. ..........  1%  265K 46s
   250K .....[0m[91m..... .......... .[0m[91m......... .......[0m[91m... ..........  2%  671K 42s
   300K ...[0m[91m....... .........[0m[91m. .......... .....[0m[91m..... ..........  2%  387K 41s
   350K .[0m[91m......... .......[0m[91m... .......[0m[91m... ...[0m[91m....... .........[0m[91m.  2%  397K 40s
   400K .......[0m[91m... .....[0m[91m..... .......... .[0m[91m......... .......[0m[91m...  3%  442K 39s
   450K .......... ...[0m[91m....... .........[0m[91m. .......... .....[0m[91m.....  3%  634K 37s
   500K .......... .[0m[91m......... .......[0m[91m... ........[0m[91m.. ...[0m[91m.......  3%  452K 37s
   550K .[0m[91m........[0m[91m. .......... .....[0m[91m..... .......... .[0m[91m.........  4%  441K 36s
   600K .......[0m[91m... .......... ...[0m[91m....... .........[0m[91m. ..........  4%  846K 35s
   650K .....[0m[91m..... .......... .[0m[91m......... .......[0m[91m... ..........  4%  380K 35s
   700K ...[0m[91m....... .........[0m[91m. .......... .....[0m[91m..... ..........  5%  853K 33s
   750K .[0m[91m......... .......[0m[91m... .......... ...[0m[91m....... .........[0m[91m.  5%  372K 33s
   800K .......... .....[0m[91m..... .......... .[0m[91m......... .......[0m[91m...  5%  492K 33s
   850K .......... ...[0m[91m....... .........[0m[91m. .......... .....[0m[91m.....  6%  604K 32s
   900K .......... .[0m[91m......... .......[0m[91m... .......... ...[0m[91m.......  6%  523K 32s
   950K .........[0m[91m. .......... .....[0m[91m..... ...[0m[91m....... .[0m[91m.........  6%  572K 31s
  1000K .......[0m[91m... .......... ...[0m[91m....... .........[0m[91m. ..........  7%  446K 31s
  1050K .....[0m[91m..... .......... .[0m[91m......... .......[0m[91m... ..........  7%  838K 30s
  1100K ...[0m[91m....... .........[0m[91m. .......... .....[0m[91m..... ..........  7%  515K 30s
  1150K .[0m[91m......... .......[0m[91m... .......... ...[0m[91m....... .........[0m[91m.  8%  359K 30s
  1200K .......... .....[0m[91m..... .......... .[0m[91m......... .......[0m[91m...  8%  831K 30s
  1250K .......... ...[0m[91m....... .........[0m[91m. .......... .....[0m[91m.....  8%  505K 29s
  1300K .......... .[0m[91m......... .......[0m[91m... .......... ...[0m[91m.......  9%  509K 29s
  1350K .........[0m[91m. .......... .....[0m[91m..... .......... .[0m[91m.........  9%  743K 29s
  1400K .......[0m[91m... .......... ...[0m[91m....... .........[0m[91m. ..........  9%  421K 29s
  1450K .....[0m[91m..... .......... .[0m[91m......... .......[0m[91m... .......... 10%  791K 28s
  1500K ...[0m[91m....... .........[0m[91m. .......... .....[0m[91m..... .......... 10%  470K 28s
  1550K .[0m[91m......... .......[0m[91m... .......... ...[0m[91m....... .........[0m[91m. 10%  412K 28s
  1600K .......... .....[0m[91m..... .......... .[0m[91m......... .......[0m[91m... 11%  959K 27s
  1650K .......... ...[0m[91m....... .........[0m[91m. .......... .....[0m[91m..... 11%  415K 27s
  1700K .......... .[0m[91m......... .......[0m[91m... .......... ...[0m[91m....... 11%  545K 27s
  1750K .........[0m[91m. .......... .....[0m[91m..... .......... .[0m[91m......... 12%  722K 27s
  1800K .......[0m[91m... .......... ...[0m[91m....... .........[0m[91m. .......... 12%  585K 27s
  1850K .....[0m[91m..... .......... .[0m[91m......... .......[0m[91m... .......... 12%  440K 27s
  1900K ...[0m[91m....... .........[0m[91m. .......... .....[0m[91m..... .........[0m[91m. 13%  678K[0m[91m 26s
  1950K .[0m[91m......... .......[0m[91m... ......[0m[91m.... ..[0m[91m.[0m[91m....... .[0m[91m.....[0m[91m...[0m[91m. 13%  455K 26s
  2000K .......... .....[0m[91m..... ...[0m[91m....[0m[91m... .[0m[91m......... [0m[91m.......[0m[91m... 14%  472K 26s
  2050K ........[0m[91m.. ...[0m[91m....... .[0m[91m........[0m[91m. .......[0m[91m... .[0m[91m....[0m[91m..... 14%[0m[91m 1022K 26s[0m[91m
  2100K ..[0m[91m........ .[0m[91m......... ...[0m[91m..[0m[91m..[0m[91m... .......... ...[0m[91m....... 14%[0m[91m  342K 26s
  2150K .........[0m[91m. .......... .....[0m[91m..... .......... .[0m[91m......... 15%  880K 25s
  2200K .......[0m[91m... .......... ...[0m[91m....... .........[0m[91m. .......... 15%  504K 25s
  2250K .....[0m[91m..... .......... .[0m[91m......... .......[0m[91m... .......... 15%  709K 25s
  2300K ...[0m[91m....... .........[0m[91m. .......... .....[0m[91m..... .......... 16%  581K 25s
  2350K .[0m[91m......... .......[0m[91m... .......... ...[0m[91m....... .........[0m[91m. 16%  353K 25s
  2400K .......... .....[0m[91m..... .......... .[0m[91m......... .......[0m[91m... 16%  631K 25s
  2450K .....[0m[91m..... ...[0m[91m....... .........[0m[91m. .......... .....[0m[91m..... 17%  624K 25s
  2500K .......... .[0m[91m......... .......[0m[91m... .......... ...[0m[91m....... 17%  394K 25s
  2550K .........[0m[91m. .......... .....[0m[91m..... .......... .[0m[91m......... 17%  564K 24s
  2600K .......[0m[91m... .......... ...[0m[91m....... .........[0m[91m. .......... 18%  458K 24s
  2650K .....[0m[91m..... .......... .[0m[91m......... .......[0m[91m... .....[0m[91m..... 18% 1020K 24s
  2700K ...[0m[91m....... .........[0m[91m. .......... .....[0m[91m..... .......... 18%  473K 24s
  2750K .[0m[91m......... .......[0m[91m... .......... ...[0m[91m....... .........[0m[91m. 19%  503K 24s
  2800K .......... .....[0m[91m..... .......... .[0m[91m......... .......[0m[91m... 19%  549K 24s
  2850K .......... ...[0m[91m....... .........[0m[91m. .......... .....[0m[91m..... 19%  476K 24s
  2900K .......... .[0m[91m......... .......[0m[91m... .....[0m[91m..... ...[0m[91m....... 20%  844K 23s
  2950K .........[0m[91m. .......... .....[0m[91m..... .......... .[0m[91m......... 20%[0m[91m  367K 23s
  3000K .......[0m[91m... ......[0m[91m.... ...[0m[91m....... .........[0m[91m. ..........[0m[91m 20% 1.03M 23s
  3050K .....[0m[91m..... .......... [0m[91m.[0m[91m......... .......[0m[91m... .......... 21%  455K 23s
  3100K ...[0m[91m....... .........[0m[91m. .......... .....[0m[91m..... .......... 21%  530K 23s
  3150K .[0m[91m......... .[0m[91m......[0m[91m... .......... ...[0m[91m....... .........[0m[91m. 21%  533K 23s
  3200K .......[0m[91m... .....[0m[91m..... ...[0m[91m....... .[0m[91m......... .......[0m[91m... 22%  460K 23s
  3250K .....[0m[91m..... ...[0m[91m....... .........[0m[91m. ......[0m[91m.... .....[0m[91m..... 22% 1.18M 22s
  3300K .......... .[0m[91m......... .......[0m[91m.[0m[91m.. .....[0m[91m..... ...[0m[91m.......[0m[91m 22%  394K 22s
  3350K .........[0m[91m. .......[0m[91m... .....[0m[91m..... .......... .[0m[91m......... 23% 1.94M 22s
  3400K .......[0m[91m... .......... ...[0m[91m....... .........[0m[91m. .......... 23%  325K 22s
  3450K .....[0m[91m..... ...[0m[91m....... .[0m[91m......... .......[0m[91m... .......... 23%[0m[91m  676K 22s
  3500K ...[0m[91m....... .........[0m[91m. .......[0m[91m... .....[0m[91m..... ...[0m[91m....... 24%  490K 22s
  3550K .[0m[91m.........[0m[91m .......[0m[91m... .....[0m[91m..... ...[0m[91m....... .........[0m[91m.[0m[91m 24%  946K 22s
  3600K .......... .....[0m[91m..... .......... .[0m[91m......... .......[0m[91m... 24%  379K 22s
  3650K .......... ...[0m[91m....... .........[0m[91m. .......... .....[0m[91m..... 25%  864K 21s
  3700K .......... .[0m[91m......... .......[0m[91m... .......... ...[0m[91m....... 25%  406K 21s
  3750K .........[0m[91m. .......... .....[0m[91m..... .......... .[0m[91m......... 25%  265K 22s
  3800K .......[0m[91m... .......... ...[0m[91m....... ....[0m[91m.....[0m[91m. ..........[0m[91m 26% 22.3M 21s
  3850K .....[0m[91m..... ...[0m[91m....... .[0m[91m........[0m[91m. .......... .......... 26% 33.3M 21s
  3900K ...[0m[91m....... .........[0m[91m. .......... .....[0m[91m..... .......... 27%  345K 21s
  3950K .[0m[91m......... .......[0m[91m... .......... ...[0m[91m....... .........[0m[91m. 27%  384K 21s
  4000K .......... .....[0m[91m..... .........[0m[91m. .[0m[91m......... .......[0m[91m... 27%  386K 21s
  4050K .....[0m[91m..... ...[0m[91m....... .........[0m[91m. .......... .....[0m[91m..... 28%  599K 21s
  4100K .......... .[0m[91m......... .......[0m[91m... .......... ...[0m[91m....... 28%  638K 21s
  4150K .........[0m[91m. .......... .....[0m[91m..... .......... .[0m[91m......... 28%  670K 20s
  4200K .......[0m[91m... .......... ...[0m[91m....... .........[0m[91m. .......... 29%  636K 20s
  4250K .....[0m[91m..... .......... .[0m[91m......... .......[0m[91m... .......... 29%  675K 20s
  4300K ...[0m[91m....... .........[0m[91m. .......... .....[0m[91m....[0m[91m.[0m[91m .......... 29%  622K 20s
  4350K .[0m[91m....[0m[91m....[0m[91m. .......[0m[91m... [0m[91m....[0m[91m.[0m[91m....[0m[91m. ...[0m[91m.......[0m[91m ........[0m[91m.[0m[91m. 30%[0m[91m  428K 20s
  4400K[0m[91m [0m[91m.......[0m[91m... .[0m[91m....[0m[91m..... ...[0m[91m.......[0m[91m .[0m[91m....[0m[91m...[0m[91m.[0m[91m. .....[0m[91m.[0m[91m.[0m[91m... 30%[0m[91m  574K 20s
  4450K ...[0m[91m..[0m[91m..[0m[91m... [0m[91m...[0m[91m....[0m[91m... ..[0m[91m.....[0m[91m..[0m[91m. ..[0m[91m........ .....[0m[91m....[0m[91m. 30%  710K 20s
  4500K [0m[91m.......... .[0m[91m......... .......[0m[91m... ....[0m[91m...[0m[91m... ...[0m[91m....... 31%  631K 19s
  4550K .........[0m[91m. .......... .....[0m[91m..... .......... .[0m[91m......... 31%  841K 19s
  4600K .......[0m[91m... .......... ...[0m[91m....... .........[0m[91m. .......... 31%  575K 19s
  4650K .....[0m[91m..... .......... .[0m[91m......... .......[0m[91m... .....[0m[91m..... 32%  829K 19s
  4700K ...[0m[91m....... .........[0m[91m. .......... .....[0m[91m..... .......... 32%  573K 19s
  4750K .[0m[91m......... .......[0m[91m... .......... ...[0m[91m....... .........[0m[91m. 32%  403K 19s
  4800K .......... .....[0m[91m..... .......... .[0m[91m......... .......[0m[91m... 33% 1.03M 19s
  4850K .......... ...[0m[91m....... .........[0m[91m. .......... .....[0m[91m..... 33%  486K 19s
  4900K .......... .[0m[91m......... .......[0m[91m... .......... ...[0m[91m....... 33% 1.22M 18s
  4950K .........[0m[91m. .......... .....[0m[91m..... .......... .[0m[91m......... 34%  453K 18s
  5000K .......[0m[91m... .......... ...[0m[91m....... .........[0m[91m. .......... 34%  924K 18s
  5050K .....[0m[91m..... .......... .[0m[91m......... .......[0m[91m... .......... 34%  495K 18s
  5100K ...[0m[91m....... .........[0m[91m. .......... .....[0m[91m..... .......... 35% 1.01M 18s
  5150K .[0m[91m......... .......[0m[91m... .......... ...[0m[91m....... .........[0m[91m. 35%  476K 18s
  5200K .......... .....[0m[91m..... .......... .[0m[91m......... .......[0m[91m... 35%  969K 18s
  5250K .......... ...[0m[91m....... .........[0m[91m. .......... .....[0m[91m..... 36%  528K 18s
  5300K .......... .[0m[91m......... .......[0m[91m... .......... ...[0m[91m....... 36% 1011K 17s
  5350K .........[0m[91m. .......... .....[0m[91m..... .......... .[0m[91m......... 36%  585K 17s
  5400K .......[0m[91m... .......... ...[0m[91m....... .........[0m[91m. .......... 37%  729K 17s
  5450K .....[0m[91m..... .......... .[0m[91m......... .......[0m[91m... .......... 37%  699K 17s
  5500K ...[0m[91m....... .........[0m[91m. .......... .....[0m[91m..... .......... 37% 1.06M 17s
  5550K .[0m[91m......... .......[0m[91m... .......... ...[0m[91m....... .........[0m[91m. 38%  475K 17s
  5600K .......... .....[0m[91m..... .......... .[0m[91m......... .......[0m[91m... 38%  931K 17s
  5650K .......... ...[0m[91m....... .........[0m[91m. .......... .....[0m[91m..... 38%  551K 17s
  5700K .......... .[0m[91m......... .......[0m[91m... .......... ...[0m[91m....... 39%  770K 16s
  5750K .........[0m[91m. .......... .....[0m[91m..... .......... .[0m[91m......... 39%  637K 16s
  5800K .......[0m[91m... .......... ...[0m[91m....... .........[0m[91m. .......... 40%  644K 16s
  5850K .....[0m[91m..... .......... .[0m[91m......... .......[0m[91m... .......... 40% 1.02M 16s
  5900K ...[0m[91m....... .........[0m[91m. .......... .....[0m[91m..... .......... 40%  446K 16s
  5950K .[0m[91m......... .......[0m[91m... .......... ...[0m[91m....... .........[0m[91m. 41%  859K 16s
  6000K .......... .....[0m[91m..... .......... .[0m[91m......... .......[0m[91m... 41%  511K 16s
  6050K .......... ...[0m[91m....... .........[0m[91m. .......... .....[0m[91m..... 41% 1.07M 16s
  6100K .......... .[0m[91m......... .......[0m[91m... .......... ...[0m[91m....... 42%  512K 15s
  6150K .........[0m[91m. .......... .....[0m[91m..... .......... .[0m[91m......... 42% 1.02M 15s
  6200K .......[0m[91m... .......... ...[0m[91m....... .........[0m[91m. .......... 42%  490K 15s
  6250K .....[0m[91m..... .......... .[0m[91m......... .......[0m[91m... .......... 43% 1.15M 15s
  6300K ...[0m[91m....... .........[0m[91m. .......... .....[0m[91m..... .......... 43%  402K 15s
  6350K .[0m[91m......... .......[0m[91m... .......... ...[0m[91m....... .........[0m[91m. 43% 1.63M 15s
  6400K .......... .....[0m[91m..... .......... .[0m[91m......... .......[0m[91m... 44%  415K 15s
  6450K .......... ...[0m[91m....... .........[0m[91m. .......... .....[0m[91m..... 44% 1.60M 15s
  6500K .......... .[0m[91m......... .......[0m[91m... .......... ...[0m[91m....... 44%  447K 15s
  6550K .........[0m[91m. .......... .....[0m[91m..... .......... .[0m[91m......... 45% 1.36M 14s
  6600K .......[0m[91m... .......... ...[0m[91m....... .........[0m[91m. .......... 45%  815K 14s
  6650K .....[0m[91m..... .......... .[0m[91m......... .......[0m[91m... .......... 45%  585K 14s
  6700K ...[0m[91m....... .........[0m[91m. .......... .....[0m[91m..... .......... 46%  790K 14s
  6750K .[0m[91m......... .......[0m[91m... .......... ...[0m[91m....... .........[0m[91m. 46%  497K 14s
  6800K .......... .....[0m[91m..... .......... .[0m[91m......... .......[0m[91m... 46%  928K 14s
  6850K .......... ...[0m[91m....... .........[0m[91m. .......... .....[0m[91m..... 47%  544K 14s
  6900K .......... .[0m[91m......... .......[0m[91m... .....[0m[91m..... ...[0m[91m....... 47%  910K 14s
  6950K .........[0m[91m. .......... .....[0m[91m..... .....[0m[91m..... .[0m[91m.........[0m[91m 47%  655K 14s
  7000K .......[0m[91m... .......... ...[0m[91m....... .........[0m[91m. .......... 48%[0m[91m  810K 13s
  7050K .....[0m[91m..... .......... .[0m[91m......... .......[0m[91m... .......... 48%  622K 13s
  7100K ...[0m[91m....... .........[0m[91m. .......... .....[0m[91m..... ...[0m[91m....... 48%  698K 13s
  7150K .[0m[91m......... .......[0m[91m... .......... ...[0m[91m....... .........[0m[91m. 49%  628K 13s
  7200K .......[0m[91m... .....[0m[91m..... .......... .[0m[91m......... .......[0m[91m... 49%  643K 13s
  7250K .......... ...[0m[91m....... .........[0m[91m. .......... .....[0m[91m..... 49%  712K 13s
  7300K .......... .[0m[91m......... .......[0m[91m... .......... ...[0m[91m....... 50%  664K 13s
  7350K .........[0m[91m. .......[0m[91m... .....[0m[91m..... .......... .[0m[91m......... 50%  771K 13s
  7400K .......[0m[91m... .......... ...[0m[91m....... .........[0m[91m. .......... 50%  591K 13s
  7450K .....[0m[91m..... .......... .[0m[91m......... .......[0m[91m... .......... 51%  621K 13s
  7500K ...[0m[91m....... .........[0m[91m. .......... .....[0m[91m..... .......... 51% 1.50M 12s
  7550K .[0m[91m......... .......[0m[91m... .......... ...[0m[91m....... .........[0m[91m. 51%  336K 12s
  7600K .......... .....[0m[91m..... .......... .[0m[91m......... .......[0m[91m... 52%[0m[91m  203K[0m[91m 12s
  7650K .....[0m[91m..... ...[0m[91m....... .........[0m[91m. .........[0m[91m. .....[0m[91m..... 52% 14.4M 12s
  7700K .......... .[0m[91m........[0m[91m. .......[0m[91m... .......... ...[0m[91m....... 53% 1.30M 12s
  7750K .........[0m[91m. .......... .....[0m[91m..... .......... .[0m[91m......... 53% 1.04M 12s
  7800K .......[0m[91m... .......... ...[0m[91m....... .........[0m[91m. .......... 53%  429K 12s
  7850K .....[0m[91m..... .......... .[0m[91m......... .......[0m[91m... .......... 54%  590K 12s
  7900K ...[0m[91m....... .........[0m[91m. .......... .....[0m[91m..... .......... 54%  716K 12s
  7950K .[0m[91m......... .......[0m[91m... .......... ...[0m[91m....... .........[0m[91m. 54%  360K 12s
  8000K .......... .....[0m[91m..... .......... .[0m[91m......... .......[0m[91m... 55% 1002K 12s
  8050K .......... ...[0m[91m....... .........[0m[91m. .......... .....[0m[91m..... 55%  458K 12s
  8100K .......... .[0m[91m......... .......[0m[91m... .......... ...[0m[91m....... 55% 1.05M 11s
  8150K .........[0m[91m. .......... .....[0m[91m..... .......... .[0m[91m......... 56%  476K 11s
  8200K .......[0m[91m... .......... ...[0m[91m....... .........[0m[91m. .......... 56% 1.04M 11s
  8250K .....[0m[91m..... .......... .[0m[91m......... .......[0m[91m... .......... 56%  483K 11s
  8300K ...[0m[91m....... .........[0m[91m. .......... .....[0m[91m..... .......... 57% 1.05M 11s
  8350K .[0m[91m......... .......[0m[91m... .......... ...[0m[91m....... .........[0m[91m. 57%  435K 11s
  8400K .......... .....[0m[91m..... .......... .[0m[91m......... .......[0m[91m... 57%  934K 11s
  8450K .......... ...[0m[91m....... .........[0m[91m. .......... .....[0m[91m..... 58%  531K 11s
  8500K .......... .[0m[91m......... .......[0m[91m... .......... ...[0m[91m....... 58%  901K 11s
  8550K .........[0m[91m. .......... .....[0m[91m..... .......... .[0m[91m......... 58%  519K 11s
  8600K .......[0m[91m... .......... ...[0m[91m....... .........[0m[91m. .......... 59%  992K 10s
  8650K .....[0m[91m..... .......... .[0m[91m......... .......[0m[91m... .....[0m[91m..... 59%  486K 10s
  8700K ...[0m[91m....... .........[0m[91m. .......... .....[0m[91m..... .......... 59%  989K 10s
  8750K .[0m[91m......... .......[0m[91m... .......... ...[0m[91m....... .........[0m[91m. 60%  350K 10s
  8800K .......[0m[91m... .....[0m[91m..... .......... .[0m[91m......... .......[0m[91m... 60%  274K 10s
  8850K .....[0m[91m..... ...[0m[91m....... .........[0m[91m. .......... .....[0m[91m..... 60% 16.2M 10s
  8900K .......... .[0m[91m......... .......[0m[91m... .......... ...[0m[91m....... 61%  274K 10s
  8950K .........[0m[91m. .......... .....[0m[91m..... .......... .[0m[91m......... 61% 12.6M 10s
  9000K .......[0m[91m... .......... ...[0m[91m....... .........[0m[91m. .......... 61%  455K 10s
  9050K .....[0m[91m..... .......... .[0m[91m......... .......[0m[91m... .......... 62%  371K 10s
  9100K ...[0m[91m....... .........[0m[91m. .......... .....[0m[91m..... .......... 62%  772K 10s
  9150K .[0m[91m......... .......[0m[91m... .......... ...[0m[91m....... .........[0m[91m. 62%  223K 10s
  9200K .......... .....[0m[91m..... .......... .[0m[91m......... .......[0m[91m... 63%  653K 10s
  9250K .......... ...[0m[91m....... .........[0m[91m. .......... .....[0m[91m..... 63%  359K 9s
  9300K .......... .[0m[91m......... .......[0m[91m... .......... ...[0m[91m....... 63%  382K 9s
  9350K .........[0m[91m. .......... .....[0m[91m..... .......... .[0m[91m......... 64%  336K 9s
  9400K .......[0m[91m... .......... ...[0m[91m....... .........[0m[91m. .......... 64%  548K 9s
  9450K .....[0m[91m..... .......... .[0m[91m......... .......[0m[91m... .......... 64%  633K 9s
  9500K ...[0m[91m....... .........[0m